<?xml version="1.0" encoding="UTF-8"?>
<!-- Generated by org.testng.reporters.JUnitXMLReporter -->
<testsuite ignored="2" hostname="LAPTOP-O0K43E3F" failures="0" tests="4" name="carloan" time="0.057" errors="0" timestamp="2024-01-02T11:37:24 IST">
  <testcase classname="basic.day3" name="submarine" time="0.006"/>
  <testcase classname="basic.day3" name="truck" time="0.003"/>
  <testcase classname="basic.day3" name="van" time="0.006"/>
  <testcase classname="basic.day3" name="zoo" time="0.001"/>
  <testcase classname="basic.day3" name="machine" time="0.0">
    <ignored/>
  </testcase> <!-- machine -->
  <testcase classname="basic.day3" name="carloan" time="0.0">
    <ignored/>
  </testcase> <!-- carloan -->
</testsuite> <!-- carloan -->
