<?xml version="1.0" encoding="UTF-8"?>
<!-- Generated by org.testng.reporters.JUnitXMLReporter -->
<testsuite ignored="3" hostname="LAPTOP-O0K43E3F" failures="0" tests="6" name="personal loan" time="0.057" errors="0" timestamp="2024-01-02T11:37:24 IST">
  <testcase classname="basic.First_Program" name="demo" time="0.005"/>
  <testcase classname="basic.First_Program" name="demo2" time="0.001"/>
  <testcase classname="basic.day2" name="ploan2" time="0.001"/>
  <testcase classname="basic.day4" name="lion" time="0.002"/>
  <testcase classname="basic.day4" name="tiger" time="0.001"/>
  <testcase classname="basic.day4" name="wolf" time="0.002"/>
  <testcase classname="basic.day2" name="ploan5" time="0.0">
    <ignored/>
  </testcase> <!-- ploan5 -->
  <testcase classname="basic.day2" name="ploan3" time="0.0">
    <ignored/>
  </testcase> <!-- ploan3 -->
  <testcase classname="basic.day2" name="ploan" time="0.0">
    <ignored/>
  </testcase> <!-- ploan -->
</testsuite> <!-- personal loan -->
