<?xml version="1.0" encoding="UTF-8"?>
<testng-results ignored="0" total="3" passed="2" failed="1" skipped="0">
  <reporter-output>
  </reporter-output>
  <suite started-at="2024-01-08T14:14:56 IST" name="Default suite" finished-at="2024-01-08T14:14:56 IST" duration-ms="50">
    <groups>
      <group name="Smoke">
        <method signature="day4.lion()[pri:0, instance:basic.day4@62230c58]" name="lion" class="basic.day4"/>
      </group> <!-- Smoke -->
    </groups>
    <test started-at="2024-01-08T14:14:56 IST" name="Default test" finished-at="2024-01-08T14:14:56 IST" duration-ms="50">
      <class name="basic.day4">
        <test-method signature="lion()[pri:0, instance:basic.day4@62230c58]" started-at="2024-01-08T14:14:56 IST" name="lion" finished-at="2024-01-08T14:14:56 IST" duration-ms="8" status="PASS">
          <reporter-output>
          </reporter-output>
        </test-method> <!-- lion -->
        <test-method signature="tiger()[pri:0, instance:basic.day4@62230c58]" started-at="2024-01-08T14:14:56 IST" name="tiger" finished-at="2024-01-08T14:14:56 IST" duration-ms="1" status="PASS">
          <reporter-output>
          </reporter-output>
        </test-method> <!-- tiger -->
        <test-method signature="wolf(java.lang.String)[pri:0, instance:basic.day4@62230c58]" started-at="2024-01-08T14:14:56 IST" name="wolf" finished-at="2024-01-08T14:14:56 IST" duration-ms="0" status="FAIL">
          <exception class="org.testng.TestNGException">
            <message>
              <![CDATA[
Parameter 'URL' is required by @Test on method wolf but has not been marked @Optional or defined
in C:\Users\Sagar yadrami\AppData\Local\Temp\testng-eclipse--922662566\testng-customsuite.xml]]>
            </message>
            <full-stacktrace>
              <![CDATA[org.testng.TestNGException: 
Parameter 'URL' is required by @Test on method wolf but has not been marked @Optional or defined
in C:\Users\Sagar yadrami\AppData\Local\Temp\testng-eclipse--922662566\testng-customsuite.xml
at org.testng.internal.Parameters.createParams(Parameters.java:270)
at org.testng.internal.Parameters.createParametersForMethod(Parameters.java:358)
at org.testng.internal.Parameters.createParameters(Parameters.java:700)
at org.testng.internal.Parameters.handleParameters(Parameters.java:884)
at org.testng.internal.Parameters.handleParameters(Parameters.java:740)
at org.testng.internal.ParameterHandler.handleParameters(ParameterHandler.java:59)
at org.testng.internal.ParameterHandler.createParameters(ParameterHandler.java:38)
at org.testng.internal.TestInvoker$MethodInvocationAgent.invoke(TestInvoker.java:791)
at org.testng.internal.TestInvoker.invokeTestMethods(TestInvoker.java:146)
at org.testng.internal.TestMethodWorker.invokeTestMethods(TestMethodWorker.java:146)
at org.testng.internal.TestMethodWorker.run(TestMethodWorker.java:128)
at java.base/java.util.ArrayList.forEach(ArrayList.java:1511)
at org.testng.TestRunner.privateRun(TestRunner.java:794)
at org.testng.TestRunner.run(TestRunner.java:596)
at org.testng.SuiteRunner.runTest(SuiteRunner.java:377)
at org.testng.SuiteRunner.runSequentially(SuiteRunner.java:371)
at org.testng.SuiteRunner.privateRun(SuiteRunner.java:332)
at org.testng.SuiteRunner.run(SuiteRunner.java:276)
at org.testng.SuiteRunnerWorker.runSuite(SuiteRunnerWorker.java:53)
at org.testng.SuiteRunnerWorker.run(SuiteRunnerWorker.java:96)
at org.testng.TestNG.runSuitesSequentially(TestNG.java:1212)
at org.testng.TestNG.runSuitesLocally(TestNG.java:1134)
at org.testng.TestNG.runSuites(TestNG.java:1063)
at org.testng.TestNG.run(TestNG.java:1031)
at org.testng.remote.AbstractRemoteTestNG.run(AbstractRemoteTestNG.java:115)
at org.testng.remote.RemoteTestNG.initAndRun(RemoteTestNG.java:251)
at org.testng.remote.RemoteTestNG.main(RemoteTestNG.java:77)
]]>
            </full-stacktrace>
          </exception> <!-- org.testng.TestNGException -->
          <reporter-output>
          </reporter-output>
        </test-method> <!-- wolf -->
      </class> <!-- basic.day4 -->
    </test> <!-- Default test -->
  </suite> <!-- Default suite -->
</testng-results>
